INFO       2020-01-28 13:42:40,558 Сервер запущен на порту 8888
INFO       2020-01-28 13:49:16,941 Сервер запущен на порту 8888
INFO       2020-01-28 13:52:29,182 Сервер запущен на порту 8888
DEBUG      2020-01-28 13:53:21,275 Принято некорректное сообщение от клиента
DEBUG      2020-01-28 13:53:35,598 Принято некорректное сообщение от клиента
INFO       2020-01-28 13:55:06,375 Сервер запущен на порту 9090
INFO       2020-01-28 13:55:21,825 Сервер запущен на порту 9090
INFO       2020-01-28 13:55:48,589 Сервер запущен на порту 1024
INFO       2020-01-28 13:55:53,120 Сервер запущен на порту 1024
DEBUG      2020-01-28 13:56:05,270 В качестве параметров должно быть указано число от 1024 до 65535
DEBUG      2020-01-28 13:56:08,538 В качестве параметров должно быть указано число от 1024 до 65535
DEBUG      2020-01-28 13:56:10,002 В качестве параметров должно быть указано число от 1024 до 65535
DEBUG      2020-01-28 13:56:29,383 В качестве параметров должно быть указано число от 1024 до 65535
DEBUG      2020-01-28 13:56:46,220 В качестве параметров должно быть указано число от 1024 до 65535
INFO       2020-01-28 13:57:09,766 Сервер запущен на порту 8888
INFO       2020-01-28 14:19:31,740 Сервер запущен на порту 8888
INFO       2020-01-28 14:19:40,357 Новое сообщение от клиента: {'action': 'presence', 'time': 1580210380.3578773, 'user': {'account_name': 'Guest'}}
INFO       2020-01-28 14:19:45,659 Новое сообщение от клиента: {'action': 'presence', 'time': 1580210385.6598473, 'user': {'account_name': 'Guest'}}
INFO       2020-01-28 14:19:51,348 Новое сообщение от клиента: {'action': 'presence', 'time': 1580210391.3484576, 'user': {'account_name': 'Guest'}}
INFO       2020-01-28 14:21:46,829 Сервер запущен на порту 8888
DEBUG      2020-01-28 14:22:08,327 Принято некорректное сообщение от клиента
DEBUG      2020-01-28 14:23:30,716 Принято некорректное сообщение от клиента
INFO       2020-01-28 14:24:08,665 Сервер запущен на порту 8888
INFO       2020-01-28 14:24:53,268 Некорректное сообщение от клиента: {'action': 'presence', 'time': 1580210693.2683237, 'user': {'account_name': 'Guestavo'}}
INFO       2020-01-28 14:25:00,521 Некорректное сообщение от клиента: {'action': 'presence', 'time': 1580210700.5219216, 'user': {'account_name': 'Guestavo'}}
INFO       2020-01-28 14:25:04,970 Некорректное сообщение от клиента: {'action': 'presence', 'time': 1580210704.9692707, 'user': {'account_name': 'Guestavo'}}
INFO       2020-01-28 14:44:04,834 Сервер запущен на порту 8888
INFO       2020-01-28 14:46:03,191 Некорректное сообщение от клиента: {'action': 'presence', 'time': 1580211963.1914852, 'user': {'account_name': 'Guestavo'}}
INFO       2020-01-28 14:46:49,189 Некорректное сообщение от клиента: {'action': 'presence', 'time': 1580212009.1894166, 'user': {'account_name': 'Guestavo'}}
INFO       2020-01-28 14:48:21,198 Некорректное сообщение от клиента: {'action': 'presence', 'time': 1580212101.1989164, 'user': {'account_name': 'Guestavo'}}
INFO       2020-01-28 14:48:45,469 Сервер запущен на порту 8888
INFO       2020-01-28 14:49:26,584 Некорректное сообщение от клиента: {'action': 'presence', 'time': 1580212166.5834045, 'user': {'account_name': 'Guestavo'}}
INFO       2020-01-28 14:49:48,447 Сервер запущен на порту 8888
INFO       2020-01-28 14:50:08,183 Сервер запущен на порту 8888
INFO       2020-01-28 16:11:32,674 Сервер запущен на порту 8888
INFO       2020-01-28 16:11:57,339 Некорректное сообщение от клиента: {'action': 'presence', 'time': 1580217117.3394775, 'user': {'account_name': 'Guestavo'}}
INFO       2020-01-28 16:13:07,071 Некорректное сообщение от клиента: {'action': 'presence', 'time': 1580217187.0719733, 'user': {'account_name': 'Guestavo'}}
INFO       2020-01-28 16:13:08,916 Некорректное сообщение от клиента: {'action': 'presence', 'time': 1580217188.9152026, 'user': {'account_name': 'Guestavo'}}
INFO       2020-01-28 16:13:24,526 Новое сообщение от клиента: {'action': 'presence', 'time': 1580217204.5269916, 'user': {'account_name': 'Guest'}}
INFO       2020-01-28 16:14:31,235 Новое сообщение от клиента: {'action': 'presence', 'time': 1580217271.2358954, 'user': {'account_name': 'Guest'}}
INFO       2020-01-28 16:14:39,019 Некорректное сообщение от клиента: {'action': 'presence', 'time': 1580217279.0185173, 'user': {'account_name': 'Guesta'}}
INFO       2020-01-28 16:15:22,928 Сервер запущен на порту 8888
INFO       2020-01-28 16:15:29,851 Новое сообщение от клиента: {'action': 'presence', 'time': 1580217329.851158, 'user': {'account_name': 'Guest'}}
INFO       2020-01-28 17:35:51,970 Сервер запущен на порту 8888
INFO       2020-01-28 17:36:08,871 Новое сообщение от клиента: {'action': 'presence', 'time': 1580222168.8709645, 'user': {'account_name': 'Guest'}}
INFO       2020-01-28 17:50:06,612 Новое сообщение от клиента: {'action': 'presence', 'time': 1580223006.6119735, 'user': {'account_name': 'Guest'}}
INFO       2020-01-28 17:54:48,614 Новое сообщение от клиента: {'action': 'presence', 'time': 1580223288.6142366, 'user': {'account_name': 'Guest'}}
INFO       2020-01-28 17:55:55,099 Новое сообщение от клиента: {'action': 'presence', 'time': 1580223355.0988314, 'user': {'account_name': 'Guest'}}
INFO       2020-01-28 17:58:24,429 Новое сообщение от клиента: {'action': 'presence', 'time': 1580223504.4297898, 'user': {'account_name': 'Guest'}}
INFO       2020-01-28 17:58:44,181 Сервер запущен на порту 8888
INFO       2020-01-28 17:59:19,392 Новое сообщение от клиента: {'action': 'presence', 'time': 1580223559.3926115, 'user': {'account_name': 'Guest'}}
INFO       2020-01-28 17:59:19,392 process_client_message
INFO       2020-01-28 18:02:35,181 Сервер запущен на порту 8888
INFO       2020-01-28 18:02:40,805 Новое сообщение от клиента: {'action': 'presence', 'time': 1580223760.805713, 'user': {'account_name': 'Guest'}}
INFO       2020-01-28 18:02:40,805 Сработала функция: process_client_message со следующими аргументами: ({'action': 'presence', 'time': 1580223760.805713, 'user': {'account_name': 'Guest'}},), {}
INFO       2020-01-28 18:04:29,213 Новое сообщение от клиента: {'action': 'presence', 'time': 1580223869.2126353, 'user': {'account_name': 'Guest'}}
INFO       2020-01-28 18:04:29,213 Сработала функция: process_client_message со следующими аргументами: ({'action': 'presence', 'time': 1580223869.2126353, 'user': {'account_name': 'Guest'}},), {}
INFO       2020-01-28 18:05:03,694 Новое сообщение от клиента: {'action': 'presence', 'time': 1580223903.6943395, 'user': {'account_name': 'Guest'}}
INFO       2020-01-28 18:05:03,694 Сработала функция: process_client_message со следующими аргументами: ({'action': 'presence', 'time': 1580223903.6943395, 'user': {'account_name': 'Guest'}},), {}
DEBUG      2020-01-28 18:22:10,349 Принято некорректное сообщение от клиента
INFO       2020-01-28 18:22:15,694 Новое сообщение от клиента: {'action': 'presence', 'time': 1580224935.6936076, 'user': {'account_name': 'Guest'}}
INFO       2020-01-28 18:22:15,694 Сработала функция: process_client_message со следующими аргументами: ({'action': 'presence', 'time': 1580224935.6936076, 'user': {'account_name': 'Guest'}},), {}
INFO       2020-01-28 18:23:15,287 Новое сообщение от клиента: {'action': 'presence', 'time': 1580224995.2861443, 'user': {'account_name': 'Guest'}}
INFO       2020-01-28 18:23:15,287 Сработала функция: process_client_message со следующими аргументами: ({'action': 'presence', 'time': 1580224995.2861443, 'user': {'account_name': 'Guest'}},), {}
INFO       2020-01-28 18:23:32,844 Сервер запущен на порту 8888
INFO       2020-01-28 20:17:03,695 Новое сообщение от клиента: {'action': 'presence', 'time': 1580231823.6900294, 'user': {'account_name': 'Guest'}}
INFO       2020-01-28 20:17:03,697 Сработала функция: process_client_message со следующими аргументами: ({'action': 'presence', 'time': 1580231823.6900294, 'user': {'account_name': 'Guest'}},), {}
INFO       2020-01-28 20:58:12,767 Сервер запущен на порту 8888
INFO       2020-01-28 20:58:24,555 Новое сообщение от клиента: {'action': 'presence', 'time': 1580234304.5555096, 'user': {'account_name': 'Guest'}}
INFO       2020-01-28 20:58:24,556 Сработала функция: process_client_message со следующими аргументами: ({'action': 'presence', 'time': 1580234304.5555096, 'user': {'account_name': 'Guest'}},), {}
