INFO       2020-01-29 10:42:35,259 Сервер запущен на порту 8888
INFO       2020-01-29 10:45:32,284 Новое сообщение от клиента: {'action': 'presence', 'time': 1580283932.283117, 'user': {'account_name': 'Guest'}}
INFO       2020-01-29 10:45:32,285 Сработала функция: process_client_message со следующими аргументами: ({'action': 'presence', 'time': 1580283932.283117, 'user': {'account_name': 'Guest'}},), {}
DEBUG      2020-01-29 10:46:13,813 Принято некорректное сообщение от клиента
INFO       2020-01-29 10:52:57,212 Сервер запущен на порту 8888
INFO       2020-01-29 10:53:03,318 Новое сообщение от клиента: {'action': 'presence', 'time': 1580284383.3188536, 'user': {'account_name': 'Guest'}}
INFO       2020-01-29 10:53:03,319 Сработала функция: process_client_message со следующими аргументами: ({'action': 'presence', 'time': 1580284383.3188536, 'user': {'account_name': 'Guest'}},), {}
INFO       2020-01-29 11:52:21,780 Сервер запущен на порту 8888
INFO       2020-01-29 11:52:49,076 Новое сообщение от клиента: {'action': 'presence', 'time': 1580287969.0761144, 'user': {'account_name': 'Guest'}}
INFO       2020-01-29 11:52:49,076 Сработала функция: process_client_message со следующими аргументами: ({'action': 'presence', 'time': 1580287969.0761144, 'user': {'account_name': 'Guest'}},), {}
INFO       2020-01-29 12:01:34,822 Новое сообщение от клиента: {'action': 'presence', 'time': 1580288494.821671, 'user': {'account_name': 'Guest'}}
INFO       2020-01-29 12:01:34,824 Сработала функция: process_client_message со следующими аргументами: ({'action': 'presence', 'time': 1580288494.821671, 'user': {'account_name': 'Guest'}},), {}
INFO       2020-01-29 12:13:33,426 Новое сообщение от клиента: {'action': 'presence', 'time': 1580289213.426756, 'user': {'account_name': 'Guest'}}
INFO       2020-01-29 12:13:33,426 Сработала функция: process_client_message со следующими аргументами: ({'action': 'presence', 'time': 1580289213.426756, 'user': {'account_name': 'Guest'}},), {}
INFO       2020-01-29 12:13:58,485 Новое сообщение от клиента: {'action': 'presence', 'time': 1580289238.4847493, 'user': {'account_name': 'Guest'}}
INFO       2020-01-29 12:13:58,485 Сработала функция: process_client_message со следующими аргументами: ({'action': 'presence', 'time': 1580289238.4847493, 'user': {'account_name': 'Guest'}},), {}
INFO       2020-01-29 12:14:26,468 Сервер запущен на порту 8888
INFO       2020-01-29 12:15:03,602 Новое сообщение от клиента: {'action': 'presence', 'time': 1580289303.6028907, 'user': {'account_name': 'Guest'}}
INFO       2020-01-29 12:15:03,602 Сработала функция: process_client_message со следующими аргументами: ({'action': 'presence', 'time': 1580289303.6028907, 'user': {'account_name': 'Guest'}},), {}
INFO       2020-01-29 12:22:41,826 Новое сообщение от клиента: {'action': 'presence', 'time': 1580289761.825585, 'user': {'account_name': 'Guest'}}
INFO       2020-01-29 12:22:41,826 Сработала функция: process_client_message со следующими аргументами: ({'action': 'presence', 'time': 1580289761.825585, 'user': {'account_name': 'Guest'}},), {}
INFO       2020-01-29 12:22:59,773 Сервер запущен на порту 8888
INFO       2020-01-29 12:23:06,365 Новое сообщение от клиента: {'action': 'presence', 'time': 1580289786.3653872, 'user': {'account_name': 'Guest'}}
INFO       2020-01-29 12:23:06,365 Сработала функция: process_client_message со следующими аргументами: ({'action': 'presence', 'time': 1580289786.3653872, 'user': {'account_name': 'Guest'}},), {}
INFO       2020-01-29 12:24:01,467 Сервер запущен на порту 8888
INFO       2020-01-29 12:24:04,976 Новое сообщение от клиента: {'action': 'presence', 'time': 1580289844.9757628, 'user': {'account_name': 'Guest'}}
INFO       2020-01-29 12:24:04,976 Сработала функция: process_client_message со следующими аргументами: ({'action': 'presence', 'time': 1580289844.9757628, 'user': {'account_name': 'Guest'}},), {}
INFO       2020-01-29 12:24:33,652 Сервер запущен на порту 8888
INFO       2020-01-29 12:24:36,277 Новое сообщение от клиента: {'action': 'presence', 'time': 1580289876.2778652, 'user': {'account_name': 'Guest'}}
INFO       2020-01-29 12:24:36,277 Сработала функция: process_client_message со следующими аргументами: ({'action': 'presence', 'time': 1580289876.2778652, 'user': {'account_name': 'Guest'}},), {}. Вызов из модуля __main__
