INFO       2020-01-28 14:16:09,527 200: OK
INFO       2020-01-28 14:16:09,527 answer: 200: OK
INFO       2020-01-28 14:16:17,910 200: OK
INFO       2020-01-28 14:16:17,911 answer: 200: OK
INFO       2020-01-28 14:19:09,715 200: OK
INFO       2020-01-28 14:19:09,715 answer: 200: OK
INFO       2020-01-28 14:19:40,357 200: OK
INFO       2020-01-28 14:19:40,357 answer: 200: OK
INFO       2020-01-28 14:19:45,660 200: OK
INFO       2020-01-28 14:19:45,660 answer: 200: OK
INFO       2020-01-28 14:19:51,348 200: OK
INFO       2020-01-28 14:19:51,348 answer: 200: OK
INFO       2020-01-28 14:24:53,269 400: ERROR
INFO       2020-01-28 14:24:53,269 answer: 400: Bad Request
INFO       2020-01-28 14:25:00,522 400: ERROR
INFO       2020-01-28 14:25:00,524 answer: 400: Bad Request
INFO       2020-01-28 14:25:04,970 400: ERROR
INFO       2020-01-28 14:25:04,971 answer: 400: Bad Request
INFO       2020-01-28 14:46:03,191 400: ERROR
INFO       2020-01-28 14:46:03,192 answer: 400: Bad Request
INFO       2020-01-28 14:46:49,190 400: ERROR
INFO       2020-01-28 14:46:49,190 answer: 400: Bad Request
INFO       2020-01-28 14:48:21,198 400: ERROR
INFO       2020-01-28 14:48:21,199 answer: 400: Bad Request
INFO       2020-01-28 14:49:26,584 400: ERROR
INFO       2020-01-28 14:49:26,584 answer: 400: Bad Request
DEBUG      2020-01-28 16:09:24,747 Подключение не установлено, т.к. сервер отверг запрос на подключение
INFO       2020-01-28 16:11:57,339 400: ERROR
INFO       2020-01-28 16:11:57,339 answer: 400: Bad Request
INFO       2020-01-28 16:13:07,071 400: ERROR
INFO       2020-01-28 16:13:07,072 answer: 400: Bad Request
INFO       2020-01-28 16:13:08,916 400: ERROR
INFO       2020-01-28 16:13:08,917 answer: 400: Bad Request
INFO       2020-01-28 16:13:24,527 200: OK
INFO       2020-01-28 16:13:24,527 answer: 200: OK
INFO       2020-01-28 16:14:31,236 200: OK
INFO       2020-01-28 16:14:31,236 answer: 200: OK
INFO       2020-01-28 16:14:39,019 400: ERROR
INFO       2020-01-28 16:14:39,019 answer: 400: Bad Request
DEBUG      2020-01-28 16:15:13,010 Подключение не установлено, т.к. сервер отверг запрос на подключение
INFO       2020-01-28 16:15:29,852 200: OK
INFO       2020-01-28 16:15:29,852 answer: 200: OK
INFO       2020-01-28 17:36:08,872 200: OK
INFO       2020-01-28 17:36:08,872 answer: 200: OK
INFO       2020-01-28 17:50:06,612 200: OK
INFO       2020-01-28 17:50:06,613 answer: 200: OK
INFO       2020-01-28 17:54:48,615 200: OK
INFO       2020-01-28 17:54:48,615 answer: 200: OK
INFO       2020-01-28 17:55:55,099 200: OK
INFO       2020-01-28 17:55:55,099 answer: 200: OK
INFO       2020-01-28 17:58:24,429 200: OK
INFO       2020-01-28 17:58:24,429 answer: 200: OK
INFO       2020-01-28 17:59:19,392 200: OK
INFO       2020-01-28 17:59:19,393 answer: 200: OK
INFO       2020-01-28 18:02:40,806 200: OK
INFO       2020-01-28 18:02:40,806 answer: 200: OK
INFO       2020-01-28 18:04:29,213 Сработала функция: make_presence_message со следующими аргументами: (), {}
INFO       2020-01-28 18:04:29,214 200: OK
INFO       2020-01-28 18:04:29,214 Сработала функция: process_answer со следующими аргументами: ({'response': 200},), {}
INFO       2020-01-28 18:04:29,214 answer: 200: OK
INFO       2020-01-28 18:05:03,694 Сработала функция: make_presence_message со следующими аргументами: (), {}
INFO       2020-01-28 18:05:03,695 200: OK
INFO       2020-01-28 18:05:03,695 Сработала функция: process_answer со следующими аргументами: ({'response': 200},), {}
INFO       2020-01-28 18:05:03,695 answer: 200: OK
INFO       2020-01-28 18:05:03,695 Сработала функция: main со следующими аргументами: (), {}
INFO       2020-01-28 18:22:15,693 Сработала функция: make_presence_message со следующими аргументами: (), {}
INFO       2020-01-28 18:22:15,695 200: OK
INFO       2020-01-28 18:22:15,695 Сработала функция: process_answer со следующими аргументами: ({'response': 200},), {}
INFO       2020-01-28 18:22:15,695 answer: 200: OK
INFO       2020-01-28 18:22:15,696 Сработала функция: main со следующими аргументами: (), {}
INFO       2020-01-28 18:23:15,286 Сработала функция: make_presence_message со следующими аргументами: (), {}
INFO       2020-01-28 18:23:15,287 200: OK
INFO       2020-01-28 18:23:15,287 Сработала функция: process_answer со следующими аргументами: ({'response': 200},), {}
INFO       2020-01-28 18:23:15,287 answer: 200: OK
INFO       2020-01-28 18:23:15,288 Сработала функция: main со следующими аргументами: (), {}
INFO       2020-01-28 20:17:03,690 Сработала функция: make_presence_message со следующими аргументами: (), {}
INFO       2020-01-28 20:17:03,697 200: OK
INFO       2020-01-28 20:17:03,697 Сработала функция: process_answer со следующими аргументами: ({'response': 200},), {}
INFO       2020-01-28 20:17:03,697 answer: 200: OK
INFO       2020-01-28 20:17:03,698 Сработала функция: main со следующими аргументами: (), {}
INFO       2020-01-28 20:58:24,555 Сработала функция: make_presence_message со следующими аргументами: (), {}
INFO       2020-01-28 20:58:24,556 200: OK
INFO       2020-01-28 20:58:24,556 Сработала функция: process_answer со следующими аргументами: ({'response': 200},), {}
INFO       2020-01-28 20:58:24,556 answer: 200: OK
INFO       2020-01-28 20:58:24,556 Сработала функция: main со следующими аргументами: (), {}
INFO       2020-01-29 10:45:32,283 Сработала функция: make_presence_message со следующими аргументами: (), {}
INFO       2020-01-29 10:45:32,285 200: OK
INFO       2020-01-29 10:45:32,285 Сработала функция: process_answer со следующими аргументами: ({'response': 200},), {}
INFO       2020-01-29 10:45:32,285 answer: 200: OK
INFO       2020-01-29 10:45:32,286 Сработала функция: main со следующими аргументами: (), {}
INFO       2020-01-29 10:53:03,318 Сработала функция: make_presence_message со следующими аргументами: (), {}
INFO       2020-01-29 10:53:03,319 200: OK
INFO       2020-01-29 10:53:03,319 Сработала функция: process_answer со следующими аргументами: ({'response': 200},), {}
INFO       2020-01-29 10:53:03,319 answer: 200: OK
INFO       2020-01-29 10:53:03,319 Сработала функция: main со следующими аргументами: (), {}
INFO       2020-01-29 11:52:49,076 Сработала функция: make_presence_message со следующими аргументами: (), {}
INFO       2020-01-29 11:52:49,077 200: OK
INFO       2020-01-29 11:52:49,077 Сработала функция: process_answer со следующими аргументами: ({'response': 200},), {}
INFO       2020-01-29 11:52:49,077 answer: 200: OK
INFO       2020-01-29 11:52:49,077 Сработала функция: main со следующими аргументами: (), {}
INFO       2020-01-29 12:01:34,821 Сработала функция: make_presence_message со следующими аргументами: (), {}
INFO       2020-01-29 12:01:34,825 200: OK
INFO       2020-01-29 12:01:34,825 Сработала функция: process_answer со следующими аргументами: ({'response': 200},), {}
INFO       2020-01-29 12:01:34,826 answer: 200: OK
INFO       2020-01-29 12:01:34,827 Сработала функция: main со следующими аргументами: (), {}
INFO       2020-01-29 12:13:33,426 Сработала функция: make_presence_message со следующими аргументами: (), {}
INFO       2020-01-29 12:13:33,427 200: OK
INFO       2020-01-29 12:13:33,427 Сработала функция: process_answer со следующими аргументами: ({'response': 200},), {}
INFO       2020-01-29 12:13:33,427 answer: 200: OK
INFO       2020-01-29 12:13:33,427 Сработала функция: main со следующими аргументами: (), {}
INFO       2020-01-29 12:13:58,484 Сработала функция: make_presence_message со следующими аргументами: (), {}
INFO       2020-01-29 12:13:58,485 200: OK
INFO       2020-01-29 12:13:58,485 Сработала функция: process_answer со следующими аргументами: ({'response': 200},), {}
INFO       2020-01-29 12:13:58,485 answer: 200: OK
INFO       2020-01-29 12:13:58,486 Сработала функция: main со следующими аргументами: (), {}
INFO       2020-01-29 12:15:03,602 Сработала функция: make_presence_message со следующими аргументами: (), {}
INFO       2020-01-29 12:15:03,603 200: OK
INFO       2020-01-29 12:15:03,603 Сработала функция: process_answer со следующими аргументами: ({'response': 200},), {}
INFO       2020-01-29 12:15:03,603 answer: 200: OK
INFO       2020-01-29 12:15:03,603 Сработала функция: main со следующими аргументами: (), {}
