INFO       2020-01-29 13:54:58,656 Сервер запущен на порту 8888
DEBUG      2020-01-29 13:55:08,814 Принято некорректное сообщение от клиента
INFO       2020-01-29 13:56:11,353 Сервер запущен на порту 8888
INFO       2020-01-29 13:56:17,899 Новое сообщение от клиента: {'action': 'presence', 'time': 1580295377.8995643, 'user': {'account_name': 'Guest'}}
INFO       2020-01-29 13:56:17,900 Сработала функция: process_client_message со следующими аргументами: ({'action': 'presence', 'time': 1580295377.8995643, 'user': {'account_name': 'Guest'}},), {}. Вызов из модуля __main__
INFO       2020-01-29 13:57:03,513 Сервер запущен на порту 8888
DEBUG      2020-01-29 13:57:06,597 Принято некорректное сообщение от клиента
INFO       2020-01-29 13:57:39,081 Сервер запущен на порту 8888
DEBUG      2020-01-29 13:57:43,383 Принято некорректное сообщение от клиента
INFO       2020-01-29 13:58:30,988 Сервер запущен на порту 8888
DEBUG      2020-01-29 13:58:34,524 Принято некорректное сообщение от клиента
INFO       2020-01-29 13:59:15,631 Сервер запущен на порту 8888
DEBUG      2020-01-29 13:59:20,673 Принято некорректное сообщение от клиента
INFO       2020-01-29 14:01:16,852 Новое сообщение от клиента: {'action': 'presence', 'time': 1580295676.8520947, 'user': {'account_name': 'Guest'}}
INFO       2020-01-29 14:01:16,853 Сработала функция: process_client_message со следующими аргументами: ({'action': 'presence', 'time': 1580295676.8520947, 'user': {'account_name': 'Guest'}},), {}. Вызов из модуля __main__
INFO       2020-01-29 14:01:34,075 Новое сообщение от клиента: {'action': 'presence', 'time': 1580295694.0752034, 'user': {'account_name': 'Guest'}}
INFO       2020-01-29 14:01:34,076 Сработала функция: process_client_message со следующими аргументами: ({'action': 'presence', 'time': 1580295694.0752034, 'user': {'account_name': 'Guest'}},), {}. Вызов из модуля __main__
INFO       2020-01-29 14:02:04,936 Сервер запущен на порту 8888
INFO       2020-01-29 14:02:12,329 Новое сообщение от клиента: {'action': 'presence', 'time': 1580295732.329056, 'user': {'account_name': 'Guest'}}
INFO       2020-01-29 14:02:12,330 Сработала функция: process_client_message со следующими аргументами: ({'action': 'presence', 'time': 1580295732.329056, 'user': {'account_name': 'Guest'}},), {}. Вызов из модуля __main__
DEBUG      2020-01-29 14:03:55,245 Принято некорректное сообщение от клиента
INFO       2020-01-29 14:04:07,820 Новое сообщение от клиента: {'action': 'presence', 'time': 1580295847.820708, 'user': {'account_name': 'Guest'}}
INFO       2020-01-29 14:04:07,820 Сработала функция: process_client_message со следующими аргументами: ({'action': 'presence', 'time': 1580295847.820708, 'user': {'account_name': 'Guest'}},), {}. Вызов из модуля __main__
INFO       2020-01-29 14:09:11,690 Новое сообщение от клиента: {'action': 'presence', 'time': 1580296151.688343, 'user': {'account_name': 'Guest'}}
INFO       2020-01-29 14:09:11,690 Сработала функция: process_client_message со следующими аргументами: ({'action': 'presence', 'time': 1580296151.688343, 'user': {'account_name': 'Guest'}},), {}. Вызов из модуля __main__
INFO       2020-01-29 14:09:28,224 Новое сообщение от клиента: {'action': 'presence', 'time': 1580296168.2222018, 'user': {'account_name': 'Guest'}}
INFO       2020-01-29 14:09:28,224 Сработала функция: process_client_message со следующими аргументами: ({'action': 'presence', 'time': 1580296168.2222018, 'user': {'account_name': 'Guest'}},), {}. Вызов из модуля __main__
INFO       2020-01-29 14:10:53,028 Новое сообщение от клиента: {'action': 'presence', 'time': 1580296253.0279365, 'user': {'account_name': 'Guest'}}
INFO       2020-01-29 14:10:53,028 Сработала функция: process_client_message со следующими аргументами: ({'action': 'presence', 'time': 1580296253.0279365, 'user': {'account_name': 'Guest'}},), {}. Вызов из модуля __main__
INFO       2020-01-29 14:11:37,754 Новое сообщение от клиента: {'action': 'presence', 'time': 1580296297.7532809, 'user': {'account_name': 'Guest'}}
INFO       2020-01-29 14:11:37,754 Сработала функция: process_client_message со следующими аргументами: ({'action': 'presence', 'time': 1580296297.7532809, 'user': {'account_name': 'Guest'}},), {}. Вызов из модуля __main__
DEBUG      2020-01-29 14:12:02,599 Принято некорректное сообщение от клиента
DEBUG      2020-01-29 14:12:47,954 Принято некорректное сообщение от клиента
DEBUG      2020-01-29 14:13:19,629 Принято некорректное сообщение от клиента
DEBUG      2020-01-29 14:13:31,202 Принято некорректное сообщение от клиента
INFO       2020-01-29 14:15:23,422 Новое сообщение от клиента: {'action': 'presence', 'time': 1580296523.4217587, 'user': {'account_name': 'Guest'}}
INFO       2020-01-29 14:15:23,423 Сработала функция: process_client_message со следующими аргументами: ({'action': 'presence', 'time': 1580296523.4217587, 'user': {'account_name': 'Guest'}},), {}. Вызов из модуля __main__
INFO       2020-01-29 14:17:27,396 Новое сообщение от клиента: {'action': 'presence', 'time': 1580296647.3957484, 'user': {'account_name': 'Guest'}}
INFO       2020-01-29 14:17:27,397 Сработала функция: process_client_message со следующими аргументами: ({'action': 'presence', 'time': 1580296647.3957484, 'user': {'account_name': 'Guest'}},), {}. Вызов из модуля __main__
DEBUG      2020-01-29 14:19:37,032 Принято некорректное сообщение от клиента
DEBUG      2020-01-29 14:20:19,575 Принято некорректное сообщение от клиента
INFO       2020-01-29 14:20:50,346 Новое сообщение от клиента: {'action': 'presence', 'time': 1580296850.3448358, 'user': {'account_name': 'Guest'}}
INFO       2020-01-29 14:20:50,346 Сработала функция: process_client_message со следующими аргументами: ({'action': 'presence', 'time': 1580296850.3448358, 'user': {'account_name': 'Guest'}},), {}. Вызов из модуля __main__
DEBUG      2020-01-29 14:21:55,838 Принято некорректное сообщение от клиента
DEBUG      2020-01-29 14:22:17,818 Принято некорректное сообщение от клиента
DEBUG      2020-01-29 14:22:19,799 Принято некорректное сообщение от клиента
INFO       2020-01-29 14:22:50,353 Новое сообщение от клиента: {'action': 'presence', 'time': 1580296970.3523672, 'user': {'account_name': 'Guest'}}
INFO       2020-01-29 14:22:50,353 Сработала функция: process_client_message со следующими аргументами: ({'action': 'presence', 'time': 1580296970.3523672, 'user': {'account_name': 'Guest'}},), {}. Вызов из модуля __main__
INFO       2020-01-29 14:23:04,094 Новое сообщение от клиента: {'action': 'presence', 'time': 1580296984.0920873, 'user': {'account_name': 'Guest'}}
INFO       2020-01-29 14:23:04,094 Сработала функция: process_client_message со следующими аргументами: ({'action': 'presence', 'time': 1580296984.0920873, 'user': {'account_name': 'Guest'}},), {}. Вызов из модуля __main__
DEBUG      2020-01-29 14:23:45,511 Принято некорректное сообщение от клиента
INFO       2020-01-29 14:23:52,767 Новое сообщение от клиента: {'action': 'presence', 'time': 1580297032.765161, 'user': {'account_name': 'Guest'}}
INFO       2020-01-29 14:23:52,767 Сработала функция: process_client_message со следующими аргументами: ({'action': 'presence', 'time': 1580297032.765161, 'user': {'account_name': 'Guest'}},), {}. Вызов из модуля __main__
INFO       2020-01-29 14:25:03,056 Новое сообщение от клиента: {'action': 'presence', 'time': 1580297103.0558255, 'user': {'account_name': 'Guest'}}
INFO       2020-01-29 14:25:03,056 Сработала функция: process_client_message со следующими аргументами: ({'action': 'presence', 'time': 1580297103.0558255, 'user': {'account_name': 'Guest'}},), {}. Вызов из модуля __main__
INFO       2020-01-29 14:25:36,111 Новое сообщение от клиента: {'action': 'presence', 'time': 1580297136.1118155, 'user': {'account_name': 'Guest'}}
INFO       2020-01-29 14:25:36,112 Сработала функция: process_client_message со следующими аргументами: ({'action': 'presence', 'time': 1580297136.1118155, 'user': {'account_name': 'Guest'}},), {}. Вызов из модуля __main__
INFO       2020-01-29 14:25:46,922 Новое сообщение от клиента: {'action': 'presence', 'time': 1580297146.922877, 'user': {'account_name': 'Guest'}}
INFO       2020-01-29 14:25:46,923 Сработала функция: process_client_message со следующими аргументами: ({'action': 'presence', 'time': 1580297146.922877, 'user': {'account_name': 'Guest'}},), {}. Вызов из модуля __main__
INFO       2020-01-29 14:28:05,094 Новое сообщение от клиента: {'action': 'presence', 'time': 1580297285.0941417, 'user': {'account_name': 'Guest'}}
INFO       2020-01-29 14:28:05,095 Сработала функция: process_client_message со следующими аргументами: ({'action': 'presence', 'time': 1580297285.0941417, 'user': {'account_name': 'Guest'}},), {}. Вызов из модуля __main__
INFO       2020-01-29 14:28:18,462 Новое сообщение от клиента: {'action': 'presence', 'time': 1580297298.4618099, 'user': {'account_name': 'Guest'}}
INFO       2020-01-29 14:28:18,463 Сработала функция: process_client_message со следующими аргументами: ({'action': 'presence', 'time': 1580297298.4618099, 'user': {'account_name': 'Guest'}},), {}. Вызов из модуля __main__
INFO       2020-01-29 14:29:27,677 Новое сообщение от клиента: {'action': 'presence', 'time': 1580297367.6752837, 'user': {'account_name': 'Guest'}}
INFO       2020-01-29 14:29:27,677 Сработала функция: process_client_message со следующими аргументами: ({'action': 'presence', 'time': 1580297367.6752837, 'user': {'account_name': 'Guest'}},), {}. Вызов из модуля __main__
INFO       2020-01-29 14:29:40,580 Новое сообщение от клиента: {'action': 'presence', 'time': 1580297380.579162, 'user': {'account_name': 'Guest'}}
INFO       2020-01-29 14:29:40,581 Сработала функция: process_client_message со следующими аргументами: ({'action': 'presence', 'time': 1580297380.579162, 'user': {'account_name': 'Guest'}},), {}. Вызов из модуля __main__
INFO       2020-01-29 14:29:51,721 Новое сообщение от клиента: {'action': 'presence', 'time': 1580297391.7207022, 'user': {'account_name': 'Guest'}}
INFO       2020-01-29 14:29:51,721 Сработала функция: process_client_message со следующими аргументами: ({'action': 'presence', 'time': 1580297391.7207022, 'user': {'account_name': 'Guest'}},), {}. Вызов из модуля __main__
INFO       2020-01-29 14:32:09,871 Новое сообщение от клиента: {'action': 'presence', 'time': 1580297529.8705535, 'user': {'account_name': 'Guest'}}
INFO       2020-01-29 14:32:09,872 Сработала функция: process_client_message со следующими аргументами: ({'action': 'presence', 'time': 1580297529.8705535, 'user': {'account_name': 'Guest'}},), {}. Вызов из модуля __main__
INFO       2020-01-29 14:33:48,144 Новое сообщение от клиента: {'action': 'presence', 'time': 1580297628.1429758, 'user': {'account_name': 'Guest'}}
INFO       2020-01-29 14:33:48,144 Сработала функция: process_client_message со следующими аргументами: ({'action': 'presence', 'time': 1580297628.1429758, 'user': {'account_name': 'Guest'}},), {}. Вызов из модуля __main__
INFO       2020-01-29 14:34:08,417 Сервер запущен на порту 8888
INFO       2020-01-29 14:34:13,650 Новое сообщение от клиента: {'action': 'presence', 'time': 1580297653.6485777, 'user': {'account_name': 'Guest'}}
INFO       2020-01-29 14:34:13,650 Сработала функция: process_client_message со следующими аргументами: ({'action': 'presence', 'time': 1580297653.6485777, 'user': {'account_name': 'Guest'}},), {}. Вызов из модуля __main__
INFO       2020-01-29 14:34:13,651 Функция была вызвана из None
INFO       2020-01-29 14:34:13,651 Функция была вызвана из None
INFO       2020-01-29 14:34:13,651 Функция была вызвана из   File "C:/Users/Evgeny/Documents/Messanger/messanger/server.py", line 82, in main
    response = process_client_message(message_from_client)

INFO       2020-01-29 14:34:13,652 Функция была вызвана из None
