INFO       2020-01-28 14:16:09,527 200: OK
INFO       2020-01-28 14:16:09,527 answer: 200: OK
INFO       2020-01-28 14:16:17,910 200: OK
INFO       2020-01-28 14:16:17,911 answer: 200: OK
INFO       2020-01-28 14:19:09,715 200: OK
INFO       2020-01-28 14:19:09,715 answer: 200: OK
INFO       2020-01-28 14:19:40,357 200: OK
INFO       2020-01-28 14:19:40,357 answer: 200: OK
INFO       2020-01-28 14:19:45,660 200: OK
INFO       2020-01-28 14:19:45,660 answer: 200: OK
INFO       2020-01-28 14:19:51,348 200: OK
INFO       2020-01-28 14:19:51,348 answer: 200: OK
INFO       2020-01-28 14:24:53,269 400: ERROR
INFO       2020-01-28 14:24:53,269 answer: 400: Bad Request
INFO       2020-01-28 14:25:00,522 400: ERROR
INFO       2020-01-28 14:25:00,524 answer: 400: Bad Request
INFO       2020-01-28 14:25:04,970 400: ERROR
INFO       2020-01-28 14:25:04,971 answer: 400: Bad Request
INFO       2020-01-28 14:46:03,191 400: ERROR
INFO       2020-01-28 14:46:03,192 answer: 400: Bad Request
INFO       2020-01-28 14:46:49,190 400: ERROR
INFO       2020-01-28 14:46:49,190 answer: 400: Bad Request
INFO       2020-01-28 14:48:21,198 400: ERROR
INFO       2020-01-28 14:48:21,199 answer: 400: Bad Request
INFO       2020-01-28 14:49:26,584 400: ERROR
INFO       2020-01-28 14:49:26,584 answer: 400: Bad Request
DEBUG      2020-01-28 16:09:24,747 Подключение не установлено, т.к. сервер отверг запрос на подключение
INFO       2020-01-28 16:11:57,339 400: ERROR
INFO       2020-01-28 16:11:57,339 answer: 400: Bad Request
INFO       2020-01-28 16:13:07,071 400: ERROR
INFO       2020-01-28 16:13:07,072 answer: 400: Bad Request
INFO       2020-01-28 16:13:08,916 400: ERROR
INFO       2020-01-28 16:13:08,917 answer: 400: Bad Request
INFO       2020-01-28 16:13:24,527 200: OK
INFO       2020-01-28 16:13:24,527 answer: 200: OK
INFO       2020-01-28 16:14:31,236 200: OK
INFO       2020-01-28 16:14:31,236 answer: 200: OK
INFO       2020-01-28 16:14:39,019 400: ERROR
INFO       2020-01-28 16:14:39,019 answer: 400: Bad Request
DEBUG      2020-01-28 16:15:13,010 Подключение не установлено, т.к. сервер отверг запрос на подключение
INFO       2020-01-28 16:15:29,852 200: OK
INFO       2020-01-28 16:15:29,852 answer: 200: OK
INFO       2020-01-28 17:36:08,872 200: OK
INFO       2020-01-28 17:36:08,872 answer: 200: OK
INFO       2020-01-28 17:50:06,612 200: OK
INFO       2020-01-28 17:50:06,613 answer: 200: OK
INFO       2020-01-28 17:54:48,615 200: OK
INFO       2020-01-28 17:54:48,615 answer: 200: OK
INFO       2020-01-28 17:55:55,099 200: OK
INFO       2020-01-28 17:55:55,099 answer: 200: OK
INFO       2020-01-28 17:58:24,429 200: OK
INFO       2020-01-28 17:58:24,429 answer: 200: OK
INFO       2020-01-28 17:59:19,392 200: OK
INFO       2020-01-28 17:59:19,393 answer: 200: OK
INFO       2020-01-28 18:02:40,806 200: OK
INFO       2020-01-28 18:02:40,806 answer: 200: OK
INFO       2020-01-28 18:04:29,213 Сработала функция: make_presence_message со следующими аргументами: (), {}
INFO       2020-01-28 18:04:29,214 200: OK
INFO       2020-01-28 18:04:29,214 Сработала функция: process_answer со следующими аргументами: ({'response': 200},), {}
INFO       2020-01-28 18:04:29,214 answer: 200: OK
INFO       2020-01-28 18:05:03,694 Сработала функция: make_presence_message со следующими аргументами: (), {}
INFO       2020-01-28 18:05:03,695 200: OK
INFO       2020-01-28 18:05:03,695 Сработала функция: process_answer со следующими аргументами: ({'response': 200},), {}
INFO       2020-01-28 18:05:03,695 answer: 200: OK
INFO       2020-01-28 18:05:03,695 Сработала функция: main со следующими аргументами: (), {}
INFO       2020-01-28 18:22:15,693 Сработала функция: make_presence_message со следующими аргументами: (), {}
INFO       2020-01-28 18:22:15,695 200: OK
INFO       2020-01-28 18:22:15,695 Сработала функция: process_answer со следующими аргументами: ({'response': 200},), {}
INFO       2020-01-28 18:22:15,695 answer: 200: OK
INFO       2020-01-28 18:22:15,696 Сработала функция: main со следующими аргументами: (), {}
INFO       2020-01-28 18:23:15,286 Сработала функция: make_presence_message со следующими аргументами: (), {}
INFO       2020-01-28 18:23:15,287 200: OK
INFO       2020-01-28 18:23:15,287 Сработала функция: process_answer со следующими аргументами: ({'response': 200},), {}
INFO       2020-01-28 18:23:15,287 answer: 200: OK
INFO       2020-01-28 18:23:15,288 Сработала функция: main со следующими аргументами: (), {}
INFO       2020-01-28 20:17:03,690 Сработала функция: make_presence_message со следующими аргументами: (), {}
INFO       2020-01-28 20:17:03,697 200: OK
INFO       2020-01-28 20:17:03,697 Сработала функция: process_answer со следующими аргументами: ({'response': 200},), {}
INFO       2020-01-28 20:17:03,697 answer: 200: OK
INFO       2020-01-28 20:17:03,698 Сработала функция: main со следующими аргументами: (), {}
INFO       2020-01-28 20:58:24,555 Сработала функция: make_presence_message со следующими аргументами: (), {}
INFO       2020-01-28 20:58:24,556 200: OK
INFO       2020-01-28 20:58:24,556 Сработала функция: process_answer со следующими аргументами: ({'response': 200},), {}
INFO       2020-01-28 20:58:24,556 answer: 200: OK
INFO       2020-01-28 20:58:24,556 Сработала функция: main со следующими аргументами: (), {}
INFO       2020-01-29 10:45:32,283 Сработала функция: make_presence_message со следующими аргументами: (), {}
INFO       2020-01-29 10:45:32,285 200: OK
INFO       2020-01-29 10:45:32,285 Сработала функция: process_answer со следующими аргументами: ({'response': 200},), {}
INFO       2020-01-29 10:45:32,285 answer: 200: OK
INFO       2020-01-29 10:45:32,286 Сработала функция: main со следующими аргументами: (), {}
INFO       2020-01-29 10:53:03,318 Сработала функция: make_presence_message со следующими аргументами: (), {}
INFO       2020-01-29 10:53:03,319 200: OK
INFO       2020-01-29 10:53:03,319 Сработала функция: process_answer со следующими аргументами: ({'response': 200},), {}
INFO       2020-01-29 10:53:03,319 answer: 200: OK
INFO       2020-01-29 10:53:03,319 Сработала функция: main со следующими аргументами: (), {}
INFO       2020-01-29 11:52:49,076 Сработала функция: make_presence_message со следующими аргументами: (), {}
INFO       2020-01-29 11:52:49,077 200: OK
INFO       2020-01-29 11:52:49,077 Сработала функция: process_answer со следующими аргументами: ({'response': 200},), {}
INFO       2020-01-29 11:52:49,077 answer: 200: OK
INFO       2020-01-29 11:52:49,077 Сработала функция: main со следующими аргументами: (), {}
INFO       2020-01-29 12:01:34,821 Сработала функция: make_presence_message со следующими аргументами: (), {}
INFO       2020-01-29 12:01:34,825 200: OK
INFO       2020-01-29 12:01:34,825 Сработала функция: process_answer со следующими аргументами: ({'response': 200},), {}
INFO       2020-01-29 12:01:34,826 answer: 200: OK
INFO       2020-01-29 12:01:34,827 Сработала функция: main со следующими аргументами: (), {}
INFO       2020-01-29 12:13:33,426 Сработала функция: make_presence_message со следующими аргументами: (), {}
INFO       2020-01-29 12:13:33,427 200: OK
INFO       2020-01-29 12:13:33,427 Сработала функция: process_answer со следующими аргументами: ({'response': 200},), {}
INFO       2020-01-29 12:13:33,427 answer: 200: OK
INFO       2020-01-29 12:13:33,427 Сработала функция: main со следующими аргументами: (), {}
INFO       2020-01-29 12:13:58,484 Сработала функция: make_presence_message со следующими аргументами: (), {}
INFO       2020-01-29 12:13:58,485 200: OK
INFO       2020-01-29 12:13:58,485 Сработала функция: process_answer со следующими аргументами: ({'response': 200},), {}
INFO       2020-01-29 12:13:58,485 answer: 200: OK
INFO       2020-01-29 12:13:58,486 Сработала функция: main со следующими аргументами: (), {}
INFO       2020-01-29 12:15:03,602 Сработала функция: make_presence_message со следующими аргументами: (), {}
INFO       2020-01-29 12:15:03,603 200: OK
INFO       2020-01-29 12:15:03,603 Сработала функция: process_answer со следующими аргументами: ({'response': 200},), {}
INFO       2020-01-29 12:15:03,603 answer: 200: OK
INFO       2020-01-29 12:15:03,603 Сработала функция: main со следующими аргументами: (), {}
INFO       2020-01-29 12:22:41,825 Сработала функция: make_presence_message со следующими аргументами: (), {}
INFO       2020-01-29 12:22:41,826 200: OK
INFO       2020-01-29 12:22:41,827 Сработала функция: process_answer со следующими аргументами: ({'response': 200},), {}
INFO       2020-01-29 12:22:41,827 answer: 200: OK
INFO       2020-01-29 12:22:41,828 Сработала функция: main со следующими аргументами: (), {}
INFO       2020-01-29 12:23:06,365 Сработала функция: make_presence_message со следующими аргументами: (), {}
INFO       2020-01-29 12:23:06,366 200: OK
INFO       2020-01-29 12:23:06,366 Сработала функция: process_answer со следующими аргументами: ({'response': 200},), {}
INFO       2020-01-29 12:23:06,366 answer: 200: OK
INFO       2020-01-29 12:23:06,366 Сработала функция: main со следующими аргументами: (), {}
INFO       2020-01-29 12:24:04,976 Сработала функция: make_presence_message со следующими аргументами: (), {}
INFO       2020-01-29 12:24:04,977 200: OK
INFO       2020-01-29 12:24:04,977 Сработала функция: process_answer со следующими аргументами: ({'response': 200},), {}
INFO       2020-01-29 12:24:04,977 answer: 200: OK
INFO       2020-01-29 12:24:04,977 Сработала функция: main со следующими аргументами: (), {}
INFO       2020-01-29 12:24:36,277 Сработала функция: make_presence_message со следующими аргументами: (), {}
INFO       2020-01-29 12:24:36,278 200: OK
INFO       2020-01-29 12:24:36,278 Сработала функция: process_answer со следующими аргументами: ({'response': 200},), {}
INFO       2020-01-29 12:24:36,278 answer: 200: OK
INFO       2020-01-29 12:24:36,278 Сработала функция: main со следующими аргументами: (), {}
INFO       2020-01-29 13:56:17,899 Сработала функция: make_presence_message вызванная: <module 'traceback' from 'C:\\Users\\Evgeny\\AppData\\Local\\Programs\\Python\\Python37-32\\lib\\traceback.py'>
INFO       2020-01-29 13:56:17,903 200: OK
INFO       2020-01-29 13:56:17,903 Сработала функция: process_answer вызванная: <module 'traceback' from 'C:\\Users\\Evgeny\\AppData\\Local\\Programs\\Python\\Python37-32\\lib\\traceback.py'>
INFO       2020-01-29 13:56:17,904 answer: 200: OK
INFO       2020-01-29 13:56:17,904 Сработала функция: main вызванная: <module 'traceback' from 'C:\\Users\\Evgeny\\AppData\\Local\\Programs\\Python\\Python37-32\\lib\\traceback.py'>
INFO       2020-01-29 14:01:16,853 200: OK
INFO       2020-01-29 14:01:16,853 answer: 200: OK
INFO       2020-01-29 14:01:34,076 200: OK
INFO       2020-01-29 14:01:34,076 answer: 200: OK
INFO       2020-01-29 14:02:12,330 200: OK
INFO       2020-01-29 14:02:12,330 answer: 200: OK
INFO       2020-01-29 14:04:07,821 200: OK
INFO       2020-01-29 14:04:07,821 answer: 200: OK
INFO       2020-01-29 14:09:11,691 200: OK
INFO       2020-01-29 14:09:11,692 answer: 200: OK
INFO       2020-01-29 14:09:28,225 200: OK
INFO       2020-01-29 14:09:28,225 answer: 200: OK
INFO       2020-01-29 14:10:53,029 200: OK
INFO       2020-01-29 14:10:53,029 answer: 200: OK
INFO       2020-01-29 14:11:37,754 200: OK
INFO       2020-01-29 14:11:37,755 answer: 200: OK
INFO       2020-01-29 14:15:23,423 200: OK
INFO       2020-01-29 14:15:23,424 answer: 200: OK
INFO       2020-01-29 14:17:27,397 200: OK
INFO       2020-01-29 14:17:27,397 answer: 200: OK
INFO       2020-01-29 14:20:50,346 200: OK
INFO       2020-01-29 14:20:50,346 answer: 200: OK
INFO       2020-01-29 14:22:50,353 200: OK
INFO       2020-01-29 14:22:50,354 answer: 200: OK
INFO       2020-01-29 14:23:04,095 200: OK
INFO       2020-01-29 14:23:04,095 answer: 200: OK
INFO       2020-01-29 14:23:52,767 200: OK
INFO       2020-01-29 14:23:52,767 answer: 200: OK
INFO       2020-01-29 14:25:03,057 200: OK
INFO       2020-01-29 14:25:03,057 answer: 200: OK
INFO       2020-01-29 14:25:36,112 200: OK
INFO       2020-01-29 14:25:36,113 answer: 200: OK
INFO       2020-01-29 14:25:46,923 200: OK
INFO       2020-01-29 14:25:46,923 answer: 200: OK
INFO       2020-01-29 14:28:05,095 200: OK
INFO       2020-01-29 14:28:05,095 answer: 200: OK
INFO       2020-01-29 14:28:18,463 200: OK
INFO       2020-01-29 14:28:18,463 answer: 200: OK
INFO       2020-01-29 14:29:27,677 200: OK
INFO       2020-01-29 14:29:27,678 answer: 200: OK
INFO       2020-01-29 14:29:40,581 200: OK
INFO       2020-01-29 14:29:40,581 answer: 200: OK
INFO       2020-01-29 14:29:51,721 200: OK
INFO       2020-01-29 14:29:51,722 answer: 200: OK
INFO       2020-01-29 14:32:09,870 Сработала функция: make_presence_message со следующими аргументами: (), {}. Вызов из модуля __main__
INFO       2020-01-29 14:32:09,871 Функция была вызвана из None
INFO       2020-01-29 14:32:09,871 Функция была вызвана из   File "C:/Users/Evgeny/Documents/Messanger/messanger/client.py", line 70, in main
    MSG_TO_SERV = make_presence_message()

INFO       2020-01-29 14:32:09,871 Функция была вызвана из None
INFO       2020-01-29 14:32:09,872 200: OK
INFO       2020-01-29 14:32:09,872 answer: 200: OK
INFO       2020-01-29 14:33:48,142 Сработала функция: make_presence_message со следующими аргументами: (), {}. Вызов из модуля __main__
INFO       2020-01-29 14:33:48,144 Функция была вызвана из None
INFO       2020-01-29 14:33:48,144 Функция была вызвана из None
INFO       2020-01-29 14:33:48,144 Функция была вызвана из   File "C:/Users/Evgeny/Documents/Messanger/messanger/client.py", line 72, in main
    MSG_TO_SERV = make_presence_message()

INFO       2020-01-29 14:33:48,144 Функция была вызвана из None
INFO       2020-01-29 14:33:48,145 200: OK
INFO       2020-01-29 14:33:48,145 Сработала функция: process_answer со следующими аргументами: ({'response': 200},), {}. Вызов из модуля __main__
INFO       2020-01-29 14:33:48,145 Функция была вызвана из None
INFO       2020-01-29 14:33:48,145 Функция была вызвана из None
INFO       2020-01-29 14:33:48,145 Функция была вызвана из   File "C:/Users/Evgeny/Documents/Messanger/messanger/client.py", line 75, in main
    answer = process_answer(get_and_print_message(TRANSP))

INFO       2020-01-29 14:33:48,145 Функция была вызвана из None
INFO       2020-01-29 14:33:48,146 answer: 200: OK
INFO       2020-01-29 14:33:48,146 Сработала функция: main со следующими аргументами: (), {}. Вызов из модуля __main__
INFO       2020-01-29 14:33:48,146 Функция была вызвана из   File "C:/Users/Evgeny/Documents/Messanger/messanger/client.py", line 83, in <module>
    main()

INFO       2020-01-29 14:33:48,146 Функция была вызвана из None
INFO       2020-01-29 14:34:13,648 Сработала функция: make_presence_message со следующими аргументами: (), {}. Вызов из модуля __main__
INFO       2020-01-29 14:34:13,649 Функция была вызвана из None
INFO       2020-01-29 14:34:13,649 Функция была вызвана из None
INFO       2020-01-29 14:34:13,649 Функция была вызвана из   File "C:/Users/Evgeny/Documents/Messanger/messanger/client.py", line 72, in main
    MSG_TO_SERV = make_presence_message()

INFO       2020-01-29 14:34:13,649 Функция была вызвана из None
INFO       2020-01-29 14:34:13,652 200: OK
INFO       2020-01-29 14:34:13,652 Сработала функция: process_answer со следующими аргументами: ({'response': 200},), {}. Вызов из модуля __main__
INFO       2020-01-29 14:34:13,652 Функция была вызвана из None
INFO       2020-01-29 14:34:13,652 Функция была вызвана из None
INFO       2020-01-29 14:34:13,653 Функция была вызвана из   File "C:/Users/Evgeny/Documents/Messanger/messanger/client.py", line 75, in main
    answer = process_answer(get_and_print_message(TRANSP))

INFO       2020-01-29 14:34:13,653 Функция была вызвана из None
INFO       2020-01-29 14:34:13,653 answer: 200: OK
INFO       2020-01-29 14:34:13,653 Сработала функция: main со следующими аргументами: (), {}. Вызов из модуля __main__
INFO       2020-01-29 14:34:13,653 Функция была вызвана из   File "C:/Users/Evgeny/Documents/Messanger/messanger/client.py", line 83, in <module>
    main()

INFO       2020-01-29 14:34:13,653 Функция была вызвана из None
INFO       2020-01-31 09:44:32,819 Сработала функция: make_presence_message со следующими аргументами: (), {}. Вызов из модуля __main__
INFO       2020-01-31 09:44:32,821 Функция была вызвана из None
INFO       2020-01-31 09:44:32,821 Функция была вызвана из None
INFO       2020-01-31 09:44:32,821 Функция была вызвана из   File "C:/Users/Evgeny/Documents/Messanger/messanger/client.py", line 72, in main
    MSG_TO_SERV = make_presence_message()

INFO       2020-01-31 09:44:32,821 Функция была вызвана из None
INFO       2020-01-31 09:44:32,824 200: OK
INFO       2020-01-31 09:44:32,824 Сработала функция: process_answer со следующими аргументами: ({'response': 200},), {}. Вызов из модуля __main__
INFO       2020-01-31 09:44:32,825 Функция была вызвана из None
INFO       2020-01-31 09:44:32,825 Функция была вызвана из None
INFO       2020-01-31 09:44:32,825 Функция была вызвана из   File "C:/Users/Evgeny/Documents/Messanger/messanger/client.py", line 75, in main
    answer = process_answer(get_and_print_message(TRANSP))

INFO       2020-01-31 09:44:32,825 Функция была вызвана из None
INFO       2020-01-31 09:44:32,825 answer: 200: OK
INFO       2020-01-31 09:44:32,826 Сработала функция: main со следующими аргументами: (), {}. Вызов из модуля __main__
INFO       2020-01-31 09:44:32,826 Функция была вызвана из   File "C:/Users/Evgeny/Documents/Messanger/messanger/client.py", line 83, in <module>
    main()

INFO       2020-01-31 09:44:32,826 Функция была вызвана из None
INFO       2020-01-31 09:45:56,474 Сработала функция: make_presence_message со следующими аргументами: (), {}. Вызов из модуля __main__
INFO       2020-01-31 09:45:56,475 Функция была вызвана из None
INFO       2020-01-31 09:45:56,475 Функция была вызвана из None
INFO       2020-01-31 09:45:56,476 Функция была вызвана из   File "C:/Users/Evgeny/Documents/Messanger/messanger/client.py", line 72, in main
    MSG_TO_SERV = make_presence_message()

INFO       2020-01-31 09:45:56,476 Функция была вызвана из None
INFO       2020-01-31 09:45:56,478 200: OK
INFO       2020-01-31 09:45:56,478 Сработала функция: process_answer со следующими аргументами: ({'response': 200},), {}. Вызов из модуля __main__
INFO       2020-01-31 09:45:56,478 Функция была вызвана из None
INFO       2020-01-31 09:45:56,478 Функция была вызвана из None
INFO       2020-01-31 09:45:56,478 Функция была вызвана из   File "C:/Users/Evgeny/Documents/Messanger/messanger/client.py", line 75, in main
    answer = process_answer(get_and_print_message(TRANSP))

INFO       2020-01-31 09:45:56,479 Функция была вызвана из None
INFO       2020-01-31 09:45:56,479 answer: 200: OK
INFO       2020-01-31 09:45:56,479 Сработала функция: main со следующими аргументами: (), {}. Вызов из модуля __main__
INFO       2020-01-31 09:45:56,479 Функция была вызвана из   File "C:/Users/Evgeny/Documents/Messanger/messanger/client.py", line 83, in <module>
    main()

INFO       2020-01-31 09:45:56,480 Функция была вызвана из None
INFO       2020-01-31 09:46:50,468 Сработала функция: make_presence_message со следующими аргументами: (), {}. Вызов из модуля __main__
INFO       2020-01-31 09:46:50,469 Функция была вызвана из None
INFO       2020-01-31 09:46:50,469 Функция была вызвана из None
INFO       2020-01-31 09:46:50,469 Функция была вызвана из   File "C:/Users/Evgeny/Documents/Messanger/messanger/client.py", line 72, in main
    MSG_TO_SERV = make_presence_message()

INFO       2020-01-31 09:46:50,469 Функция была вызвана из None
INFO       2020-01-31 09:46:50,471 200: OK
INFO       2020-01-31 09:46:50,471 Сработала функция: process_answer со следующими аргументами: ({'response': 200},), {}. Вызов из модуля __main__
INFO       2020-01-31 09:46:50,472 Функция была вызвана из None
INFO       2020-01-31 09:46:50,472 Функция была вызвана из None
INFO       2020-01-31 09:46:50,472 Функция была вызвана из   File "C:/Users/Evgeny/Documents/Messanger/messanger/client.py", line 75, in main
    answer = process_answer(get_and_print_message(TRANSP))

INFO       2020-01-31 09:46:50,472 Функция была вызвана из None
INFO       2020-01-31 09:46:50,472 answer: 200: OK
INFO       2020-01-31 09:46:50,472 Сработала функция: main со следующими аргументами: (), {}. Вызов из модуля __main__
INFO       2020-01-31 09:46:50,473 Функция была вызвана из   File "C:/Users/Evgeny/Documents/Messanger/messanger/client.py", line 83, in <module>
    main()

INFO       2020-01-31 09:46:50,473 Функция была вызвана из None
INFO       2020-01-31 09:47:12,894 Сработала функция: make_presence_message со следующими аргументами: (), {}. Вызов из модуля __main__
INFO       2020-01-31 09:47:12,896 Функция была вызвана из None
INFO       2020-01-31 09:47:12,896 Функция была вызвана из None
INFO       2020-01-31 09:47:12,896 Функция была вызвана из   File "C:/Users/Evgeny/Documents/Messanger/messanger/client.py", line 72, in main
    MSG_TO_SERV = make_presence_message()

INFO       2020-01-31 09:47:12,896 Функция была вызвана из None
INFO       2020-01-31 09:47:12,898 200: OK
INFO       2020-01-31 09:47:12,898 Сработала функция: process_answer со следующими аргументами: ({'response': 200},), {}. Вызов из модуля __main__
INFO       2020-01-31 09:47:12,899 Функция была вызвана из None
INFO       2020-01-31 09:47:12,899 Функция была вызвана из None
INFO       2020-01-31 09:47:12,899 Функция была вызвана из   File "C:/Users/Evgeny/Documents/Messanger/messanger/client.py", line 75, in main
    answer = process_answer(get_and_print_message(TRANSP))

INFO       2020-01-31 09:47:12,899 Функция была вызвана из None
INFO       2020-01-31 09:47:12,899 answer: 200: OK
INFO       2020-01-31 09:47:12,900 Сработала функция: main со следующими аргументами: (), {}. Вызов из модуля __main__
INFO       2020-01-31 09:47:12,901 Функция была вызвана из   File "C:/Users/Evgeny/Documents/Messanger/messanger/client.py", line 83, in <module>
    main()

INFO       2020-01-31 09:47:12,901 Функция была вызвана из None
INFO       2020-01-31 09:48:28,153 Сработала функция: make_presence_message со следующими аргументами: (), {}. Вызов из модуля __main__
INFO       2020-01-31 09:48:28,154 Функция была вызвана из None
INFO       2020-01-31 09:48:28,154 Функция была вызвана из None
INFO       2020-01-31 09:48:28,154 Функция была вызвана из   File "C:/Users/Evgeny/Documents/Messanger/messanger/client.py", line 72, in main
    MSG_TO_SERV = make_presence_message()

INFO       2020-01-31 09:48:28,154 Функция была вызвана из None
INFO       2020-01-31 09:48:28,157 200: OK
INFO       2020-01-31 09:48:28,157 Сработала функция: process_answer со следующими аргументами: ({'response': 200},), {}. Вызов из модуля __main__
INFO       2020-01-31 09:48:28,158 Функция была вызвана из None
INFO       2020-01-31 09:48:28,158 Функция была вызвана из None
INFO       2020-01-31 09:48:28,158 Функция была вызвана из   File "C:/Users/Evgeny/Documents/Messanger/messanger/client.py", line 75, in main
    answer = process_answer(get_and_print_message(TRANSP))

INFO       2020-01-31 09:48:28,158 Функция была вызвана из None
INFO       2020-01-31 09:48:28,158 answer: 200: OK
INFO       2020-01-31 09:48:28,159 Сработала функция: main со следующими аргументами: (), {}. Вызов из модуля __main__
INFO       2020-01-31 09:48:28,160 Функция была вызвана из   File "C:/Users/Evgeny/Documents/Messanger/messanger/client.py", line 83, in <module>
    main()

INFO       2020-01-31 09:48:28,161 Функция была вызвана из None
INFO       2020-01-31 09:48:56,900 Сработала функция: make_presence_message со следующими аргументами: (), {}. Вызов из модуля __main__
INFO       2020-01-31 09:48:56,902 Функция была вызвана из None
INFO       2020-01-31 09:48:56,902 Функция была вызвана из None
INFO       2020-01-31 09:48:56,902 Функция была вызвана из   File "C:/Users/Evgeny/Documents/Messanger/messanger/client.py", line 72, in main
    MSG_TO_SERV = make_presence_message()

INFO       2020-01-31 09:48:56,902 Функция была вызвана из None
INFO       2020-01-31 09:48:56,906 200: OK
INFO       2020-01-31 09:48:56,906 Сработала функция: process_answer со следующими аргументами: ({'response': 200},), {}. Вызов из модуля __main__
INFO       2020-01-31 09:48:56,906 Функция была вызвана из None
INFO       2020-01-31 09:48:56,907 Функция была вызвана из None
INFO       2020-01-31 09:48:56,907 Функция была вызвана из   File "C:/Users/Evgeny/Documents/Messanger/messanger/client.py", line 75, in main
    answer = process_answer(get_and_print_message(TRANSP))

INFO       2020-01-31 09:48:56,907 Функция была вызвана из None
INFO       2020-01-31 09:48:56,907 answer: 200: OK
INFO       2020-01-31 09:48:56,908 Сработала функция: main со следующими аргументами: (), {}. Вызов из модуля __main__
INFO       2020-01-31 09:48:56,908 Функция была вызвана из   File "C:/Users/Evgeny/Documents/Messanger/messanger/client.py", line 83, in <module>
    main()

INFO       2020-01-31 09:48:56,909 Функция была вызвана из None
INFO       2020-01-31 09:49:19,536 Сработала функция: make_presence_message со следующими аргументами: (), {}. Вызов из модуля __main__
INFO       2020-01-31 09:49:19,538 Функция была вызвана из None
INFO       2020-01-31 09:49:19,538 Функция была вызвана из None
INFO       2020-01-31 09:49:19,539 Функция была вызвана из   File "C:/Users/Evgeny/Documents/Messanger/messanger/client.py", line 72, in main
    MSG_TO_SERV = make_presence_message()

INFO       2020-01-31 09:49:19,539 Функция была вызвана из None
INFO       2020-01-31 09:49:19,544 200: OK
INFO       2020-01-31 09:49:19,544 Сработала функция: process_answer со следующими аргументами: ({'response': 200},), {}. Вызов из модуля __main__
INFO       2020-01-31 09:49:19,545 Функция была вызвана из None
INFO       2020-01-31 09:49:19,545 Функция была вызвана из None
INFO       2020-01-31 09:49:19,545 Функция была вызвана из   File "C:/Users/Evgeny/Documents/Messanger/messanger/client.py", line 75, in main
    answer = process_answer(get_and_print_message(TRANSP))

INFO       2020-01-31 09:49:19,545 Функция была вызвана из None
INFO       2020-01-31 09:49:19,546 answer: 200: OK
INFO       2020-01-31 09:49:19,546 Сработала функция: main со следующими аргументами: (), {}. Вызов из модуля __main__
INFO       2020-01-31 09:49:19,547 Функция была вызвана из   File "C:/Users/Evgeny/Documents/Messanger/messanger/client.py", line 83, in <module>
    main()

INFO       2020-01-31 09:49:19,547 Функция была вызвана из None
INFO       2020-01-31 09:49:24,770 Сработала функция: make_presence_message со следующими аргументами: (), {}. Вызов из модуля __main__
INFO       2020-01-31 09:49:24,771 Функция была вызвана из None
INFO       2020-01-31 09:49:24,771 Функция была вызвана из None
INFO       2020-01-31 09:49:24,772 Функция была вызвана из   File "C:/Users/Evgeny/Documents/Messanger/messanger/client.py", line 72, in main
    MSG_TO_SERV = make_presence_message()

INFO       2020-01-31 09:49:24,772 Функция была вызвана из None
INFO       2020-01-31 09:49:24,774 200: OK
INFO       2020-01-31 09:49:24,774 Сработала функция: process_answer со следующими аргументами: ({'response': 200},), {}. Вызов из модуля __main__
INFO       2020-01-31 09:49:24,775 Функция была вызвана из None
INFO       2020-01-31 09:49:24,775 Функция была вызвана из None
INFO       2020-01-31 09:49:24,775 Функция была вызвана из   File "C:/Users/Evgeny/Documents/Messanger/messanger/client.py", line 75, in main
    answer = process_answer(get_and_print_message(TRANSP))

INFO       2020-01-31 09:49:24,776 Функция была вызвана из None
INFO       2020-01-31 09:49:24,776 answer: 200: OK
INFO       2020-01-31 09:49:24,776 Сработала функция: main со следующими аргументами: (), {}. Вызов из модуля __main__
INFO       2020-01-31 09:49:24,777 Функция была вызвана из   File "C:/Users/Evgeny/Documents/Messanger/messanger/client.py", line 83, in <module>
    main()

INFO       2020-01-31 09:49:24,777 Функция была вызвана из None
INFO       2020-01-31 09:50:15,649 Сработала функция: make_presence_message со следующими аргументами: (), {}. Вызов из модуля __main__
INFO       2020-01-31 09:50:15,651 Функция была вызвана из  in <module>
    main()
INFO       2020-01-31 09:50:15,653 200: OK
INFO       2020-01-31 09:50:15,654 Сработала функция: process_answer со следующими аргументами: ({'response': 200},), {}. Вызов из модуля __main__
INFO       2020-01-31 09:50:15,654 Функция была вызвана из  in <module>
    main()
INFO       2020-01-31 09:50:15,654 answer: 200: OK
INFO       2020-01-31 09:50:15,655 Сработала функция: main со следующими аргументами: (), {}. Вызов из модуля __main__
INFO       2020-01-31 09:50:15,655 Функция была вызвана из  in <module>
    main()
INFO       2020-01-31 09:51:19,337 Сработала функция: make_presence_message со следующими аргументами: (), {}. Вызов из модуля __main__
INFO       2020-01-31 09:51:19,338 Функция была вызвана из   File "C:/Users/Evgeny/Documents/Messanger/messanger/client.py", line 83, in <module>
    main()

INFO       2020-01-31 09:51:19,340 200: OK
INFO       2020-01-31 09:51:19,340 Сработала функция: process_answer со следующими аргументами: ({'response': 200},), {}. Вызов из модуля __main__
INFO       2020-01-31 09:51:19,340 Функция была вызвана из   File "C:/Users/Evgeny/Documents/Messanger/messanger/client.py", line 83, in <module>
    main()

INFO       2020-01-31 09:51:19,340 answer: 200: OK
INFO       2020-01-31 09:51:19,341 Сработала функция: main со следующими аргументами: (), {}. Вызов из модуля __main__
INFO       2020-01-31 09:51:19,341 Функция была вызвана из   File "C:/Users/Evgeny/Documents/Messanger/messanger/client.py", line 83, in <module>
    main()

INFO       2020-01-31 09:53:00,879 Сработала функция: make_presence_message со следующими аргументами: (), {}. Вызов из модуля __main__
INFO       2020-01-31 09:53:00,880 Функция была вызвана из модуля main()
INFO       2020-01-31 09:53:00,883 200: OK
INFO       2020-01-31 09:53:00,883 Сработала функция: process_answer со следующими аргументами: ({'response': 200},), {}. Вызов из модуля __main__
INFO       2020-01-31 09:53:00,883 Функция была вызвана из модуля main()
INFO       2020-01-31 09:53:00,883 answer: 200: OK
INFO       2020-01-31 09:53:00,884 Сработала функция: main со следующими аргументами: (), {}. Вызов из модуля __main__
INFO       2020-01-31 09:53:00,884 Функция была вызвана из модуля main()
